<?xml version="1.0" encoding="UTF-8"?>
<testng-results ignored="0" total="1" passed="1" failed="0" skipped="0">
  <reporter-output>
  </reporter-output>
  <suite started-at="2022-03-28T15:43:40 IST" name="Default suite" finished-at="2022-03-28T15:43:58 IST" duration-ms="17352">
    <groups>
    </groups>
    <test started-at="2022-03-28T15:43:40 IST" name="Default test" finished-at="2022-03-28T15:43:58 IST" duration-ms="17352">
      <class name="com.crm.vtiger.testcases.ParametersTest">
        <test-method signature="getCreadentialsDuringRunTime()[pri:0, instance:com.crm.vtiger.testcases.ParametersTest@3e84448c]" started-at="2022-03-28T15:43:40 IST" name="getCreadentialsDuringRunTime" finished-at="2022-03-28T15:43:58 IST" duration-ms="17271" status="PASS">
          <reporter-output>
          </reporter-output>
        </test-method> <!-- getCreadentialsDuringRunTime -->
      </class> <!-- com.crm.vtiger.testcases.ParametersTest -->
    </test> <!-- Default test -->
  </suite> <!-- Default suite -->
</testng-results>
